0 info it worked if it ends with ok
1 verbose cli [ '/usr/bin/node', '/usr/bin/npm', 'install', 'apidoc', '-g' ]
2 info using npm@1.4.28
3 info using node@v0.10.32
4 verbose node symlink /usr/bin/node
5 verbose cache add [ 'apidoc', null ]
6 verbose cache add name=undefined spec="apidoc" args=["apidoc",null]
7 verbose parsed url { protocol: null,
7 verbose parsed url   slashes: null,
7 verbose parsed url   auth: null,
7 verbose parsed url   host: null,
7 verbose parsed url   port: null,
7 verbose parsed url   hostname: null,
7 verbose parsed url   hash: null,
7 verbose parsed url   search: null,
7 verbose parsed url   query: null,
7 verbose parsed url   pathname: 'apidoc',
7 verbose parsed url   path: 'apidoc',
7 verbose parsed url   href: 'apidoc' }
8 silly lockFile b7224f5a-apidoc apidoc
9 verbose lock apidoc /home/vagrant/.npm/b7224f5a-apidoc.lock
10 silly lockFile b7224f5a-apidoc apidoc
11 silly lockFile b7224f5a-apidoc apidoc
12 verbose addNamed [ 'apidoc', '' ]
13 verbose addNamed [ null, '*' ]
14 silly lockFile a3b73c7a-apidoc apidoc@
15 verbose lock apidoc@ /home/vagrant/.npm/a3b73c7a-apidoc.lock
16 silly addNameRange { name: 'apidoc', range: '*', hasData: false }
17 verbose request where is /apidoc
18 verbose request registry https://registry.npmjs.org/
19 verbose request id 844c9aeabbc0b75b
20 verbose url raw /apidoc
21 verbose url resolving [ 'https://registry.npmjs.org/', './apidoc' ]
22 verbose url resolved https://registry.npmjs.org/apidoc
23 verbose request where is https://registry.npmjs.org/apidoc
24 info trying registry request attempt 1 at 06:44:59
25 verbose etag "EI527ACRDPVYB8G5J4YGHOB2J"
26 http GET https://registry.npmjs.org/apidoc
27 http 304 https://registry.npmjs.org/apidoc
28 silly registry.get cb [ 304,
28 silly registry.get   { date: 'Wed, 25 Mar 2015 06:44:59 GMT',
28 silly registry.get     server: 'Apache',
28 silly registry.get     via: '1.1 varnish',
28 silly registry.get     'last-modified': 'Wed, 25 Mar 2015 06:44:59 GMT',
28 silly registry.get     'cache-control': 'max-age=60',
28 silly registry.get     etag: '"EI527ACRDPVYB8G5J4YGHOB2J"',
28 silly registry.get     age: '23',
28 silly registry.get     'x-served-by': 'cache-sn89-SIN',
28 silly registry.get     'x-cache': 'HIT',
28 silly registry.get     'x-cache-hits': '1',
28 silly registry.get     'x-timer': 'S1427265899.695973,VS0,VE0',
28 silly registry.get     vary: 'Accept',
28 silly registry.get     'content-length': '0',
28 silly registry.get     'keep-alive': 'timeout=10, max=50',
28 silly registry.get     connection: 'Keep-Alive' } ]
29 verbose etag https://registry.npmjs.org/apidoc from cache
30 silly addNameRange number 2 { name: 'apidoc', range: '*', hasData: true }
31 silly addNameRange versions [ 'apidoc',
31 silly addNameRange   [ '0.1.5',
31 silly addNameRange     '0.1.6',
31 silly addNameRange     '0.1.7',
31 silly addNameRange     '0.1.8',
31 silly addNameRange     '0.1.9',
31 silly addNameRange     '0.1.10',
31 silly addNameRange     '0.1.11',
31 silly addNameRange     '0.2.0',
31 silly addNameRange     '0.2.1',
31 silly addNameRange     '0.2.2',
31 silly addNameRange     '0.2.3',
31 silly addNameRange     '0.2.4',
31 silly addNameRange     '0.2.5',
31 silly addNameRange     '0.2.6',
31 silly addNameRange     '0.2.7',
31 silly addNameRange     '0.2.8',
31 silly addNameRange     '0.3.0',
31 silly addNameRange     '0.4.0',
31 silly addNameRange     '0.4.1',
31 silly addNameRange     '0.4.2',
31 silly addNameRange     '0.4.3',
31 silly addNameRange     '0.4.4',
31 silly addNameRange     '0.5.0',
31 silly addNameRange     '0.5.1',
31 silly addNameRange     '0.5.2',
31 silly addNameRange     '0.6.0',
31 silly addNameRange     '0.6.1',
31 silly addNameRange     '0.6.2',
31 silly addNameRange     '0.6.3',
31 silly addNameRange     '0.6.4',
31 silly addNameRange     '0.6.5',
31 silly addNameRange     '0.7.0',
31 silly addNameRange     '0.7.1',
31 silly addNameRange     '0.7.2',
31 silly addNameRange     '0.8.0',
31 silly addNameRange     '0.8.1',
31 silly addNameRange     '0.8.2',
31 silly addNameRange     '0.9.0',
31 silly addNameRange     '0.9.1',
31 silly addNameRange     '0.10.0',
31 silly addNameRange     '0.10.1',
31 silly addNameRange     '0.11.0',
31 silly addNameRange     '0.12.0',
31 silly addNameRange     '0.12.1' ] ]
32 verbose addNamed [ 'apidoc', '0.12.1' ]
33 verbose addNamed [ '0.12.1', '0.12.1' ]
34 silly lockFile 2155452f-apidoc-0-12-1 apidoc@0.12.1
35 verbose lock apidoc@0.12.1 /home/vagrant/.npm/2155452f-apidoc-0-12-1.lock
36 silly lockFile 2155452f-apidoc-0-12-1 apidoc@0.12.1
37 silly lockFile 2155452f-apidoc-0-12-1 apidoc@0.12.1
38 silly lockFile a3b73c7a-apidoc apidoc@
39 silly lockFile a3b73c7a-apidoc apidoc@
40 silly resolved [ { name: 'apidoc',
40 silly resolved     version: '0.12.1',
40 silly resolved     description: 'RESTful web API Documentation Generator',
40 silly resolved     author: { name: 'Peter Rottmann', email: 'rottmann@inveris.de' },
40 silly resolved     license:
40 silly resolved      { type: 'MIT',
40 silly resolved        url: 'https://github.com/apidoc/apidoc/blob/master/LICENSE' },
40 silly resolved     preferGlobal: true,
40 silly resolved     bin: { apidoc: 'bin/apidoc' },
40 silly resolved     main: './lib/index.js',
40 silly resolved     homepage: 'http://apidocjs.com',
40 silly resolved     repository: { type: 'git', url: 'https://github.com/apidoc/apidoc.git' },
40 silly resolved     bugs: { url: 'https://github.com/apidoc/apidoc/issues' },
40 silly resolved     scripts:
40 silly resolved      { test: 'npm run jshint && mocha test/',
40 silly resolved        jshint: 'jshint lib/ test/',
40 silly resolved        'build-example': 'bin/apidoc -i example/ -o tmp/' },
40 silly resolved     keywords: [ 'api', 'apidoc', 'doc', 'documentation', 'rest', 'restful' ],
40 silly resolved     engines: { node: '>= 0.10.0' },
40 silly resolved     dependencies:
40 silly resolved      { 'apidoc-core': '~0.3.1',
40 silly resolved        'fs-extra': '~0.14.0',
40 silly resolved        lodash: '~2.4.1',
40 silly resolved        marked: '~0.3.2',
40 silly resolved        nomnom: '~1.8.1',
40 silly resolved        winston: '~0.8.3' },
40 silly resolved     devDependencies:
40 silly resolved      { 'apidoc-example': '*',
40 silly resolved        jshint: '^2.5.10',
40 silly resolved        mocha: '~2.1.0',
40 silly resolved        semver: '^4.1.0',
40 silly resolved        should: '~4.6.0' },
40 silly resolved     jshintConfig:
40 silly resolved      { camelcase: true,
40 silly resolved        curly: false,
40 silly resolved        eqeqeq: true,
40 silly resolved        forin: true,
40 silly resolved        latedef: false,
40 silly resolved        newcap: true,
40 silly resolved        undef: true,
40 silly resolved        unused: true,
40 silly resolved        trailing: true,
40 silly resolved        node: true,
40 silly resolved        browser: true,
40 silly resolved        predef: [Object] },
40 silly resolved     gitHead: 'e5cb4bfefe5a7fb1a83eb3c1bc6e767f55f360dc',
40 silly resolved     _id: 'apidoc@0.12.1',
40 silly resolved     _shasum: '7f43c7803d124d562d0e4f65519f8bf96117821a',
40 silly resolved     _from: 'apidoc@',
40 silly resolved     _npmVersion: '1.4.28',
40 silly resolved     _npmUser: { name: 'apidoc', email: 'info@apidocjs.com' },
40 silly resolved     maintainers: [ [Object] ],
40 silly resolved     dist:
40 silly resolved      { shasum: '7f43c7803d124d562d0e4f65519f8bf96117821a',
40 silly resolved        tarball: 'http://registry.npmjs.org/apidoc/-/apidoc-0.12.1.tgz' },
40 silly resolved     directories: {},
40 silly resolved     _resolved: 'https://registry.npmjs.org/apidoc/-/apidoc-0.12.1.tgz',
40 silly resolved     readme: 'ERROR: No README data found!' } ]
41 info install apidoc@0.12.1 into /usr/lib
42 info installOne apidoc@0.12.1
43 verbose lib/node_modules/apidoc unbuild
44 verbose tar unpack /home/vagrant/.npm/apidoc/0.12.1/package.tgz
45 silly lockFile 11af71bf-tar-usr-lib-node-modules-apidoc tar:///usr/lib/node_modules/apidoc
46 verbose lock tar:///usr/lib/node_modules/apidoc /home/vagrant/.npm/11af71bf-tar-usr-lib-node-modules-apidoc.lock
47 silly lockFile 95ce4009-nt-npm-apidoc-0-12-1-package-tgz tar:///home/vagrant/.npm/apidoc/0.12.1/package.tgz
48 verbose lock tar:///home/vagrant/.npm/apidoc/0.12.1/package.tgz /home/vagrant/.npm/95ce4009-nt-npm-apidoc-0-12-1-package-tgz.lock
49 silly gunzTarPerm modes [ '775', '664' ]
50 error Error: EACCES, mkdir '/usr/lib/node_modules/apidoc'
50 error  { [Error: EACCES, mkdir '/usr/lib/node_modules/apidoc']
50 error   errno: 3,
50 error   code: 'EACCES',
50 error   path: '/usr/lib/node_modules/apidoc',
50 error   fstream_type: 'Directory',
50 error   fstream_path: '/usr/lib/node_modules/apidoc',
50 error   fstream_class: 'DirWriter',
50 error   fstream_stack:
50 error    [ '/usr/lib/node_modules/npm/node_modules/fstream/lib/dir-writer.js:36:23',
50 error      '/usr/lib/node_modules/npm/node_modules/mkdirp/index.js:46:53',
50 error      'Object.oncomplete (fs.js:107:15)' ] }
51 error Please try running this command again as root/Administrator.
52 error System Linux 3.13.0-30-generic
53 error command "/usr/bin/node" "/usr/bin/npm" "install" "apidoc" "-g"
54 error cwd /home/vagrant/Code/Laravel/L50
55 error node -v v0.10.32
56 error npm -v 1.4.28
57 error path /usr/lib/node_modules/apidoc
58 error fstream_path /usr/lib/node_modules/apidoc
59 error fstream_type Directory
60 error fstream_class DirWriter
61 error code EACCES
62 error errno 3
63 error stack Error: EACCES, mkdir '/usr/lib/node_modules/apidoc'
64 error fstream_stack /usr/lib/node_modules/npm/node_modules/fstream/lib/dir-writer.js:36:23
64 error fstream_stack /usr/lib/node_modules/npm/node_modules/mkdirp/index.js:46:53
64 error fstream_stack Object.oncomplete (fs.js:107:15)
65 verbose exit [ 3, true ]
